2024-05-12 09:38:54,393 [Worker-5: Loading available Gradle versions] INFO  o.e.b.c.i.u.g.PublishedGradleVersions - Gradle version information cache is up-to-date. Trying to read.
2024-05-12 09:46:07,204 [Worker-25: Update Maven projects configuration] INFO  o.e.m.c.i.p.ProjectConfigurationManager - Update started
2024-05-12 09:46:12,836 [Worker-25: Update Maven projects configuration] INFO  o.e.m.c.i.l.LifecycleMappingFactory - Using org.maven.ide.eclipse.wtp.WarLifecycleMapping lifecycle mapping for MavenProject: yogisoft:Spring-Security-InMemoryDB:0.0.1-SNAPSHOT @ E:\AIB-Project\AIBMVCProject\Spring-Security-InMemoryDB\pom.xml.
2024-05-12 09:46:15,033 [Worker-25: Update Maven projects configuration] INFO  o.e.m.c.i.e.AbstractTransferListenerAdapter - Downloading https://repo.maven.apache.org/maven2/com/google/code/gson/gson/2.10.1/gson-2.10.1.pom
2024-05-12 09:46:15,121 [Worker-25: Update Maven projects configuration] INFO  o.e.m.c.i.e.AbstractTransferListenerAdapter - Downloaded https://repo.maven.apache.org/maven2/com/google/code/gson/gson/2.10.1/gson-2.10.1.pom
2024-05-12 09:46:15,267 [Worker-25: Update Maven projects configuration] INFO  o.e.m.c.i.e.AbstractTransferListenerAdapter - Downloading https://repo.maven.apache.org/maven2/com/google/code/gson/gson-parent/2.10.1/gson-parent-2.10.1.pom
2024-05-12 09:46:15,345 [Worker-25: Update Maven projects configuration] INFO  o.e.m.c.i.e.AbstractTransferListenerAdapter - Downloaded https://repo.maven.apache.org/maven2/com/google/code/gson/gson-parent/2.10.1/gson-parent-2.10.1.pom
2024-05-12 09:46:15,522 [Worker-25: Update Maven projects configuration] INFO  o.e.m.c.i.e.AbstractTransferListenerAdapter - Downloading https://repo.maven.apache.org/maven2/org/eclipse/jetty/apache-jstl/9.4.46.v20220331/apache-jstl-9.4.46.v20220331.pom
2024-05-12 09:46:15,584 [Worker-25: Update Maven projects configuration] INFO  o.e.m.c.i.e.AbstractTransferListenerAdapter - Downloaded https://repo.maven.apache.org/maven2/org/eclipse/jetty/apache-jstl/9.4.46.v20220331/apache-jstl-9.4.46.v20220331.pom
2024-05-12 09:46:15,669 [Worker-25: Update Maven projects configuration] INFO  o.e.m.c.i.e.AbstractTransferListenerAdapter - Downloading https://repo.maven.apache.org/maven2/org/eclipse/jetty/jetty-project/9.4.46.v20220331/jetty-project-9.4.46.v20220331.pom
2024-05-12 09:46:15,806 [Worker-25: Update Maven projects configuration] INFO  o.e.m.c.i.e.AbstractTransferListenerAdapter - Downloaded https://repo.maven.apache.org/maven2/org/eclipse/jetty/jetty-project/9.4.46.v20220331/jetty-project-9.4.46.v20220331.pom
2024-05-12 09:46:16,202 [Worker-25: Update Maven projects configuration] INFO  o.e.m.c.i.e.AbstractTransferListenerAdapter - Downloading https://repo.maven.apache.org/maven2/org/testcontainers/testcontainers-bom/1.16.1/testcontainers-bom-1.16.1.pom
2024-05-12 09:46:16,261 [Worker-25: Update Maven projects configuration] INFO  o.e.m.c.i.e.AbstractTransferListenerAdapter - Downloaded https://repo.maven.apache.org/maven2/org/testcontainers/testcontainers-bom/1.16.1/testcontainers-bom-1.16.1.pom
2024-05-12 09:46:16,333 [Worker-25: Update Maven projects configuration] INFO  o.e.m.c.i.e.AbstractTransferListenerAdapter - Downloading https://repo.maven.apache.org/maven2/org/infinispan/infinispan-bom/11.0.15.Final/infinispan-bom-11.0.15.Final.pom
2024-05-12 09:46:16,399 [Worker-25: Update Maven projects configuration] INFO  o.e.m.c.i.e.AbstractTransferListenerAdapter - Downloaded https://repo.maven.apache.org/maven2/org/infinispan/infinispan-bom/11.0.15.Final/infinispan-bom-11.0.15.Final.pom
2024-05-12 09:46:16,524 [Worker-25: Update Maven projects configuration] INFO  o.e.m.c.i.e.AbstractTransferListenerAdapter - Downloading https://repo.maven.apache.org/maven2/org/infinispan/infinispan-build-configuration-parent/11.0.15.Final/infinispan-build-configuration-parent-11.0.15.Final.pom
2024-05-12 09:46:16,606 [Worker-25: Update Maven projects configuration] INFO  o.e.m.c.i.e.AbstractTransferListenerAdapter - Downloaded https://repo.maven.apache.org/maven2/org/infinispan/infinispan-build-configuration-parent/11.0.15.Final/infinispan-build-configuration-parent-11.0.15.Final.pom
2024-05-12 09:46:16,695 [Worker-25: Update Maven projects configuration] INFO  o.e.m.c.i.e.AbstractTransferListenerAdapter - Downloading https://repo.maven.apache.org/maven2/org/apache/taglibs/taglibs-standard-spec/1.2.5/taglibs-standard-spec-1.2.5.pom
2024-05-12 09:46:16,772 [Worker-25: Update Maven projects configuration] INFO  o.e.m.c.i.e.AbstractTransferListenerAdapter - Downloaded https://repo.maven.apache.org/maven2/org/apache/taglibs/taglibs-standard-spec/1.2.5/taglibs-standard-spec-1.2.5.pom
2024-05-12 09:46:16,833 [Worker-25: Update Maven projects configuration] INFO  o.e.m.c.i.e.AbstractTransferListenerAdapter - Downloading https://repo.maven.apache.org/maven2/org/apache/taglibs/taglibs-standard/1.2.5/taglibs-standard-1.2.5.pom
2024-05-12 09:46:16,898 [Worker-25: Update Maven projects configuration] INFO  o.e.m.c.i.e.AbstractTransferListenerAdapter - Downloaded https://repo.maven.apache.org/maven2/org/apache/taglibs/taglibs-standard/1.2.5/taglibs-standard-1.2.5.pom
2024-05-12 09:46:16,944 [Worker-25: Update Maven projects configuration] INFO  o.e.m.c.i.e.AbstractTransferListenerAdapter - Downloading https://repo.maven.apache.org/maven2/org/apache/taglibs/taglibs-parent/3/taglibs-parent-3.pom
2024-05-12 09:46:16,980 [Worker-25: Update Maven projects configuration] INFO  o.e.m.c.i.e.AbstractTransferListenerAdapter - Downloaded https://repo.maven.apache.org/maven2/org/apache/taglibs/taglibs-parent/3/taglibs-parent-3.pom
2024-05-12 09:46:17,076 [Worker-25: Update Maven projects configuration] INFO  o.e.m.c.i.e.AbstractTransferListenerAdapter - Downloading https://repo.maven.apache.org/maven2/org/apache/apache/10/apache-10.pom
2024-05-12 09:46:17,155 [Worker-25: Update Maven projects configuration] INFO  o.e.m.c.i.e.AbstractTransferListenerAdapter - Downloaded https://repo.maven.apache.org/maven2/org/apache/apache/10/apache-10.pom
2024-05-12 09:46:17,221 [Worker-25: Update Maven projects configuration] INFO  o.e.m.c.i.e.AbstractTransferListenerAdapter - Downloading https://repo.maven.apache.org/maven2/org/apache/taglibs/taglibs-standard-impl/1.2.5/taglibs-standard-impl-1.2.5.pom
2024-05-12 09:46:17,277 [Worker-25: Update Maven projects configuration] INFO  o.e.m.c.i.e.AbstractTransferListenerAdapter - Downloaded https://repo.maven.apache.org/maven2/org/apache/taglibs/taglibs-standard-impl/1.2.5/taglibs-standard-impl-1.2.5.pom
2024-05-12 09:46:18,256 [Worker-25: Update Maven projects configuration] INFO  o.e.m.c.i.e.AbstractTransferListenerAdapter - Downloading https://repo.maven.apache.org/maven2/com/google/code/gson/gson/2.10.1/gson-2.10.1.jar
2024-05-12 09:46:18,346 [Worker-25: Update Maven projects configuration] INFO  o.e.m.c.i.e.AbstractTransferListenerAdapter - Downloaded https://repo.maven.apache.org/maven2/com/google/code/gson/gson/2.10.1/gson-2.10.1.jar
2024-05-12 09:46:18,461 [BasicRepositoryConnector-repo.maven.apache.org-0-1] INFO  o.e.m.c.i.e.AbstractTransferListenerAdapter - Downloading https://repo.maven.apache.org/maven2/org/apache/taglibs/taglibs-standard-spec/1.2.5/taglibs-standard-spec-1.2.5.jar
2024-05-12 09:46:18,467 [BasicRepositoryConnector-repo.maven.apache.org-0-2] INFO  o.e.m.c.i.e.AbstractTransferListenerAdapter - Downloading https://repo.maven.apache.org/maven2/org/apache/taglibs/taglibs-standard-impl/1.2.5/taglibs-standard-impl-1.2.5.jar
2024-05-12 09:46:18,603 [BasicRepositoryConnector-repo.maven.apache.org-0-2] INFO  o.e.m.c.i.e.AbstractTransferListenerAdapter - Downloaded https://repo.maven.apache.org/maven2/org/apache/taglibs/taglibs-standard-impl/1.2.5/taglibs-standard-impl-1.2.5.jar
2024-05-12 09:46:18,624 [BasicRepositoryConnector-repo.maven.apache.org-0-0] INFO  o.e.m.c.i.e.AbstractTransferListenerAdapter - Downloading https://repo.maven.apache.org/maven2/org/eclipse/jetty/apache-jstl/9.4.46.v20220331/apache-jstl-9.4.46.v20220331.jar
2024-05-12 09:46:18,876 [BasicRepositoryConnector-repo.maven.apache.org-0-0] INFO  o.e.m.c.i.e.AbstractTransferListenerAdapter - Downloaded https://repo.maven.apache.org/maven2/org/eclipse/jetty/apache-jstl/9.4.46.v20220331/apache-jstl-9.4.46.v20220331.jar
2024-05-12 09:46:19,539 [BasicRepositoryConnector-repo.maven.apache.org-0-1] INFO  o.e.m.c.i.e.AbstractTransferListenerAdapter - Downloaded https://repo.maven.apache.org/maven2/org/apache/taglibs/taglibs-standard-spec/1.2.5/taglibs-standard-spec-1.2.5.jar
2024-05-12 09:46:23,301 [Worker-25: Update Maven projects configuration] INFO  o.e.m.j.i.AbstractJavaProjectConfigurator - Adding source folder /Spring-Security-InMemoryDB/src/main/java
2024-05-12 09:46:23,303 [Worker-25: Update Maven projects configuration] INFO  o.e.m.j.i.AbstractJavaProjectConfigurator - Adding resource folder /Spring-Security-InMemoryDB/src/main/resources
2024-05-12 09:46:23,309 [Worker-25: Update Maven projects configuration] INFO  o.e.m.j.i.AbstractJavaProjectConfigurator - Adding resource folder /Spring-Security-InMemoryDB/src/main/resources
2024-05-12 09:46:23,317 [Worker-25: Update Maven projects configuration] INFO  o.e.m.j.i.AbstractJavaProjectConfigurator - Adding source folder /Spring-Security-InMemoryDB/src/test/java
2024-05-12 09:46:23,318 [Worker-25: Update Maven projects configuration] INFO  o.e.m.j.i.AbstractJavaProjectConfigurator - Adding resource folder /Spring-Security-InMemoryDB/src/test/resources
2024-05-12 09:46:24,458 [Worker-13: Download sources and javadoc] INFO  o.e.m.c.i.e.AbstractTransferListenerAdapter - Downloading https://repo.maven.apache.org/maven2/com/google/code/gson/gson/2.10.1/gson-2.10.1-sources.jar
2024-05-12 09:46:25,157 [Worker-13: Download sources and javadoc] INFO  o.e.m.c.i.e.AbstractTransferListenerAdapter - Downloaded https://repo.maven.apache.org/maven2/com/google/code/gson/gson/2.10.1/gson-2.10.1-sources.jar
2024-05-12 09:46:25,165 [Worker-13: Download sources and javadoc] INFO  o.e.m.j.internal.DownloadSourcesJob - Downloaded sources for com.google.code.gson:gson:2.10.1
2024-05-12 09:46:25,390 [Worker-13: Download sources and javadoc] INFO  o.e.m.c.i.e.AbstractTransferListenerAdapter - Downloading https://repo.maven.apache.org/maven2/org/eclipse/jetty/apache-jstl/9.4.46.v20220331/apache-jstl-9.4.46.v20220331-sources.jar
2024-05-12 09:46:25,591 [Worker-13: Download sources and javadoc] INFO  o.e.m.c.i.e.AbstractTransferListenerAdapter - Downloaded https://repo.maven.apache.org/maven2/org/eclipse/jetty/apache-jstl/9.4.46.v20220331/apache-jstl-9.4.46.v20220331-sources.jar
2024-05-12 09:46:25,598 [Worker-13: Download sources and javadoc] INFO  o.e.m.j.internal.DownloadSourcesJob - Downloaded sources for org.eclipse.jetty:apache-jstl:9.4.46.v20220331
2024-05-12 09:46:26,204 [Worker-13: Download sources and javadoc] INFO  o.e.m.c.i.e.AbstractTransferListenerAdapter - Downloading https://repo.maven.apache.org/maven2/org/apache/taglibs/taglibs-standard-spec/1.2.5/taglibs-standard-spec-1.2.5-sources.jar
2024-05-12 09:46:27,237 [Worker-13: Download sources and javadoc] INFO  o.e.m.c.i.e.AbstractTransferListenerAdapter - Downloaded https://repo.maven.apache.org/maven2/org/apache/taglibs/taglibs-standard-spec/1.2.5/taglibs-standard-spec-1.2.5-sources.jar
2024-05-12 09:46:27,245 [Worker-13: Download sources and javadoc] INFO  o.e.m.j.internal.DownloadSourcesJob - Downloaded sources for org.apache.taglibs:taglibs-standard-spec:1.2.5
2024-05-12 09:46:27,416 [Worker-25: Update Maven projects configuration] INFO  o.e.m.c.i.p.ProjectConfigurationManager - Update completed for 1 poms: local refresh takes 0.00 sec, refresh facades takes 15.00 sec, update config takes 4.00 sec 
2024-05-12 09:46:27,573 [Worker-13: Download sources and javadoc] INFO  o.e.m.c.i.e.AbstractTransferListenerAdapter - Downloading https://repo.maven.apache.org/maven2/org/apache/taglibs/taglibs-standard-impl/1.2.5/taglibs-standard-impl-1.2.5-sources.jar
2024-05-12 09:46:27,879 [Worker-13: Download sources and javadoc] INFO  o.e.m.c.i.e.AbstractTransferListenerAdapter - Downloaded https://repo.maven.apache.org/maven2/org/apache/taglibs/taglibs-standard-impl/1.2.5/taglibs-standard-impl-1.2.5-sources.jar
2024-05-12 09:46:27,887 [Worker-13: Download sources and javadoc] INFO  o.e.m.j.internal.DownloadSourcesJob - Downloaded sources for org.apache.taglibs:taglibs-standard-impl:1.2.5
2024-05-12 09:52:46,396 [Worker-30: Launching Spring-Security-InMemoryDB - SpringSecurityInMemoryDbApplication] INFO  o.e.m.c.i.embedder.EclipseLogger - Using 'UTF-8' encoding to copy filtered resources.
2024-05-12 09:52:46,396 [Worker-30: Launching Spring-Security-InMemoryDB - SpringSecurityInMemoryDbApplication] INFO  o.e.m.c.i.embedder.EclipseLogger - Using 'UTF-8' encoding to copy filtered properties files.
2024-05-12 09:52:46,403 [Worker-30: Launching Spring-Security-InMemoryDB - SpringSecurityInMemoryDbApplication] INFO  o.e.m.c.i.embedder.EclipseLogger - Copying 1 resource
2024-05-12 09:52:46,422 [Worker-30: Launching Spring-Security-InMemoryDB - SpringSecurityInMemoryDbApplication] INFO  o.e.m.c.i.embedder.EclipseLogger - Copying 0 resource
2024-05-12 09:52:46,428 [Worker-30: Launching Spring-Security-InMemoryDB - SpringSecurityInMemoryDbApplication] INFO  o.e.m.c.i.embedder.EclipseLogger - Using 'UTF-8' encoding to copy filtered resources.
2024-05-12 09:52:46,428 [Worker-30: Launching Spring-Security-InMemoryDB - SpringSecurityInMemoryDbApplication] INFO  o.e.m.c.i.embedder.EclipseLogger - Using 'UTF-8' encoding to copy filtered properties files.
2024-05-12 09:52:46,428 [Worker-30: Launching Spring-Security-InMemoryDB - SpringSecurityInMemoryDbApplication] INFO  o.e.m.c.i.embedder.EclipseLogger - skip non existing resourceDirectory E:\AIB-Project\AIBMVCProject\Spring-Security-InMemoryDB\src\test\resources
2024-05-12 10:01:00,566 [Worker-37: Update Maven projects configuration] INFO  o.e.m.c.i.p.ProjectConfigurationManager - Update started
2024-05-12 10:01:01,438 [Worker-37: Update Maven projects configuration] INFO  o.e.m.c.i.l.LifecycleMappingFactory - Using org.maven.ide.eclipse.wtp.WarLifecycleMapping lifecycle mapping for MavenProject: aib:ProjectHighlightModule:0.0.1-SNAPSHOT @ E:\AIB-Project\AIB-PROJECT-Backend\ProjectHighlightModule\pom.xml.
2024-05-12 10:01:04,051 [Worker-37: Update Maven projects configuration] INFO  o.e.m.j.i.AbstractJavaProjectConfigurator - Adding source folder /ProjectHighlightModule/src/main/java
2024-05-12 10:01:04,052 [Worker-37: Update Maven projects configuration] INFO  o.e.m.j.i.AbstractJavaProjectConfigurator - Adding resource folder /ProjectHighlightModule/src/main/resources
2024-05-12 10:01:04,079 [Worker-37: Update Maven projects configuration] INFO  o.e.m.j.i.AbstractJavaProjectConfigurator - Adding resource folder /ProjectHighlightModule/src/main/resources
2024-05-12 10:01:04,115 [Worker-37: Update Maven projects configuration] INFO  o.e.m.j.i.AbstractJavaProjectConfigurator - Adding source folder /ProjectHighlightModule/src/test/java
2024-05-12 10:01:04,116 [Worker-37: Update Maven projects configuration] INFO  o.e.m.j.i.AbstractJavaProjectConfigurator - Adding resource folder /ProjectHighlightModule/src/test/resources
2024-05-12 10:01:07,452 [Worker-37: Update Maven projects configuration] INFO  o.e.m.c.i.p.ProjectConfigurationManager - Update completed for 1 poms: local refresh takes 0.00 sec, refresh facades takes 3.00 sec, update config takes 3.00 sec 
2024-05-12 10:01:54,432 [Worker-36: Launching ProjectHighlightModule - ProjectHighlightModuleApplication] INFO  o.a.m.s.f.DefaultMavenResourcesFiltering - Copying 1 resource from src\main\resources to target\classes
2024-05-12 10:01:54,461 [Worker-36: Launching ProjectHighlightModule - ProjectHighlightModuleApplication] INFO  o.a.m.s.f.DefaultMavenResourcesFiltering - Copying 0 resource from src\main\resources to target\classes
2024-05-12 10:01:54,467 [Worker-36: Launching ProjectHighlightModule - ProjectHighlightModuleApplication] INFO  o.a.m.s.f.DefaultMavenResourcesFiltering - skip non existing resourceDirectory E:\AIB-Project\AIB-PROJECT-Backend\ProjectHighlightModule\src\test\resources
2024-05-12 10:03:27,605 [Worker-45: Launching ProjectHighlightModule - ProjectHighlightModuleApplication] INFO  o.a.m.s.f.DefaultMavenResourcesFiltering - Copying 1 resource from src\main\resources to target\classes
2024-05-12 10:03:27,616 [Worker-45: Launching ProjectHighlightModule - ProjectHighlightModuleApplication] INFO  o.a.m.s.f.DefaultMavenResourcesFiltering - Copying 0 resource from src\main\resources to target\classes
2024-05-12 10:03:27,619 [Worker-45: Launching ProjectHighlightModule - ProjectHighlightModuleApplication] INFO  o.a.m.s.f.DefaultMavenResourcesFiltering - skip non existing resourceDirectory E:\AIB-Project\AIB-PROJECT-Backend\ProjectHighlightModule\src\test\resources
2024-05-12 10:05:56,737 [Worker-36: Launching ProjectHighlightModule - ProjectHighlightModuleApplication] INFO  o.a.m.s.f.DefaultMavenResourcesFiltering - Copying 1 resource from src\main\resources to target\classes
2024-05-12 10:05:56,748 [Worker-36: Launching ProjectHighlightModule - ProjectHighlightModuleApplication] INFO  o.a.m.s.f.DefaultMavenResourcesFiltering - Copying 0 resource from src\main\resources to target\classes
2024-05-12 10:05:56,753 [Worker-36: Launching ProjectHighlightModule - ProjectHighlightModuleApplication] INFO  o.a.m.s.f.DefaultMavenResourcesFiltering - skip non existing resourceDirectory E:\AIB-Project\AIB-PROJECT-Backend\ProjectHighlightModule\src\test\resources
2024-05-12 12:44:17,092 [Worker-97: Launching Spring-Security-InMemoryDB - SpringSecurityInMemoryDbApplication] INFO  o.e.m.c.i.embedder.EclipseLogger - Using 'UTF-8' encoding to copy filtered resources.
2024-05-12 12:44:17,093 [Worker-97: Launching Spring-Security-InMemoryDB - SpringSecurityInMemoryDbApplication] INFO  o.e.m.c.i.embedder.EclipseLogger - Using 'UTF-8' encoding to copy filtered properties files.
2024-05-12 12:44:17,095 [Worker-97: Launching Spring-Security-InMemoryDB - SpringSecurityInMemoryDbApplication] INFO  o.e.m.c.i.embedder.EclipseLogger - Copying 1 resource
2024-05-12 12:44:17,180 [Worker-97: Launching Spring-Security-InMemoryDB - SpringSecurityInMemoryDbApplication] INFO  o.e.m.c.i.embedder.EclipseLogger - Copying 0 resource
2024-05-12 12:44:17,184 [Worker-97: Launching Spring-Security-InMemoryDB - SpringSecurityInMemoryDbApplication] INFO  o.e.m.c.i.embedder.EclipseLogger - Using 'UTF-8' encoding to copy filtered resources.
2024-05-12 12:44:17,184 [Worker-97: Launching Spring-Security-InMemoryDB - SpringSecurityInMemoryDbApplication] INFO  o.e.m.c.i.embedder.EclipseLogger - Using 'UTF-8' encoding to copy filtered properties files.
2024-05-12 12:44:17,185 [Worker-97: Launching Spring-Security-InMemoryDB - SpringSecurityInMemoryDbApplication] INFO  o.e.m.c.i.embedder.EclipseLogger - skip non existing resourceDirectory E:\AIB-Project\AIBMVCProject\Spring-Security-InMemoryDB\src\test\resources
2024-05-12 13:12:25,397 [Worker-98: Cleaning all projects] INFO  o.e.m.w.i.f.ResourceFilteringBuildParticipant - Cleaning filtered folder for ProjectHighlightModule
2024-05-12 13:12:25,576 [Worker-98: Cleaning all projects] INFO  o.e.m.w.i.f.ResourceFilteringBuildParticipant - Cleaning filtered folder for Spring-Security-InMemoryDB
2024-05-12 13:12:25,950 [Worker-111: Building Workspace] INFO  o.a.m.s.f.DefaultMavenResourcesFiltering - Copying 1 resource from src\main\resources to target\classes
2024-05-12 13:12:25,964 [Worker-111: Building Workspace] INFO  o.a.m.s.f.DefaultMavenResourcesFiltering - Copying 0 resource from src\main\resources to target\classes
2024-05-12 13:12:25,979 [Worker-111: Building Workspace] INFO  o.a.m.s.f.DefaultMavenResourcesFiltering - skip non existing resourceDirectory E:\AIB-Project\AIB-PROJECT-Backend\ProjectHighlightModule\src\test\resources
2024-05-12 13:12:25,980 [Worker-111: Building Workspace] INFO  o.e.m.w.i.f.ResourceFilteringBuildParticipant - Changed resources require a complete clean of filtered resources of ProjectHighlightModule
2024-05-12 13:12:26,097 [Worker-111: Building Workspace] INFO  o.e.m.w.i.f.ResourceFilteringBuildParticipant - Executing resource filtering for ProjectHighlightModule
2024-05-12 13:12:26,611 [Worker-111: Building Workspace] INFO  o.e.m.c.i.embedder.EclipseLogger - Using 'UTF-8' encoding to copy filtered resources.
2024-05-12 13:12:26,611 [Worker-111: Building Workspace] INFO  o.e.m.c.i.embedder.EclipseLogger - Using 'UTF-8' encoding to copy filtered properties files.
2024-05-12 13:12:26,612 [Worker-111: Building Workspace] INFO  o.e.m.c.i.embedder.EclipseLogger - Copying 1 resource
2024-05-12 13:12:26,617 [Worker-111: Building Workspace] INFO  o.e.m.c.i.embedder.EclipseLogger - Copying 0 resource
2024-05-12 13:12:26,628 [Worker-111: Building Workspace] INFO  o.e.m.c.i.embedder.EclipseLogger - Using 'UTF-8' encoding to copy filtered resources.
2024-05-12 13:12:26,628 [Worker-111: Building Workspace] INFO  o.e.m.c.i.embedder.EclipseLogger - Using 'UTF-8' encoding to copy filtered properties files.
2024-05-12 13:12:26,628 [Worker-111: Building Workspace] INFO  o.e.m.c.i.embedder.EclipseLogger - skip non existing resourceDirectory E:\AIB-Project\AIBMVCProject\Spring-Security-InMemoryDB\src\test\resources
2024-05-12 13:12:26,629 [Worker-111: Building Workspace] INFO  o.e.m.w.i.f.ResourceFilteringBuildParticipant - Changed resources require a complete clean of filtered resources of Spring-Security-InMemoryDB
2024-05-12 13:12:26,629 [Worker-111: Building Workspace] INFO  o.e.m.w.i.f.ResourceFilteringBuildParticipant - Executing resource filtering for Spring-Security-InMemoryDB
2024-05-12 13:14:21,321 [main] INFO  o.e.m2e.actions.ExecutePomAction - Creating new launch configuration
2024-05-12 13:14:30,782 [Worker-98: Launching Spring-Security-InMemoryDB (1)] INFO  o.eclipse.m2e.core.internal.Bundles - getClasspathEntries(Bundle=org.eclipse.m2e.maven.runtime_3.9.600.20231203-1234 [637])
2024-05-12 13:14:30,789 [Worker-98: Launching Spring-Security-InMemoryDB (1)] INFO  o.eclipse.m2e.core.internal.Bundles - 	Entry: C:\Users\HP\.p2\pool\plugins\org.eclipse.m2e.maven.runtime_3.9.600.20231203-1234
2024-05-12 13:14:30,790 [Worker-98: Launching Spring-Security-InMemoryDB (1)] INFO  o.eclipse.m2e.core.internal.Bundles - 	Entry: C:\Users\HP\.p2\pool\plugins\org.eclipse.m2e.maven.runtime_3.9.600.20231203-1234\jars\aopalliance-1.0.jar
2024-05-12 13:14:30,791 [Worker-98: Launching Spring-Security-InMemoryDB (1)] INFO  o.eclipse.m2e.core.internal.Bundles - 	Entry: C:\Users\HP\.p2\pool\plugins\org.eclipse.m2e.maven.runtime_3.9.600.20231203-1234\jars\guice-5.1.0.jar
2024-05-12 13:14:30,792 [Worker-98: Launching Spring-Security-InMemoryDB (1)] INFO  o.eclipse.m2e.core.internal.Bundles - 	Entry: C:\Users\HP\.p2\pool\plugins\org.eclipse.m2e.maven.runtime_3.9.600.20231203-1234\jars\httpclient-4.5.14.jar
2024-05-12 13:14:30,793 [Worker-98: Launching Spring-Security-InMemoryDB (1)] INFO  o.eclipse.m2e.core.internal.Bundles - 	Entry: C:\Users\HP\.p2\pool\plugins\org.eclipse.m2e.maven.runtime_3.9.600.20231203-1234\jars\httpcore-4.4.16.jar
2024-05-12 13:14:30,795 [Worker-98: Launching Spring-Security-InMemoryDB (1)] INFO  o.eclipse.m2e.core.internal.Bundles - 	Entry: C:\Users\HP\.p2\pool\plugins\org.eclipse.m2e.maven.runtime_3.9.600.20231203-1234\jars\jansi-2.4.0.jar
2024-05-12 13:14:30,797 [Worker-98: Launching Spring-Security-InMemoryDB (1)] INFO  o.eclipse.m2e.core.internal.Bundles - 	Entry: C:\Users\HP\.p2\pool\plugins\org.eclipse.m2e.maven.runtime_3.9.600.20231203-1234\jars\jcl-over-slf4j-1.7.36.jar
2024-05-12 13:14:30,798 [Worker-98: Launching Spring-Security-InMemoryDB (1)] INFO  o.eclipse.m2e.core.internal.Bundles - 	Entry: C:\Users\HP\.p2\pool\plugins\org.eclipse.m2e.maven.runtime_3.9.600.20231203-1234\jars\maven-artifact-3.9.6.jar
2024-05-12 13:14:30,801 [Worker-98: Launching Spring-Security-InMemoryDB (1)] INFO  o.eclipse.m2e.core.internal.Bundles - 	Entry: C:\Users\HP\.p2\pool\plugins\org.eclipse.m2e.maven.runtime_3.9.600.20231203-1234\jars\maven-builder-support-3.9.6.jar
2024-05-12 13:14:30,801 [Worker-98: Launching Spring-Security-InMemoryDB (1)] INFO  o.eclipse.m2e.core.internal.Bundles - 	Entry: C:\Users\HP\.p2\pool\plugins\org.eclipse.m2e.maven.runtime_3.9.600.20231203-1234\jars\maven-compat-3.9.6.jar
2024-05-12 13:14:30,802 [Worker-98: Launching Spring-Security-InMemoryDB (1)] INFO  o.eclipse.m2e.core.internal.Bundles - 	Entry: C:\Users\HP\.p2\pool\plugins\org.eclipse.m2e.maven.runtime_3.9.600.20231203-1234\jars\maven-core-3.9.6.jar
2024-05-12 13:14:30,803 [Worker-98: Launching Spring-Security-InMemoryDB (1)] INFO  o.eclipse.m2e.core.internal.Bundles - 	Entry: C:\Users\HP\.p2\pool\plugins\org.eclipse.m2e.maven.runtime_3.9.600.20231203-1234\jars\maven-embedder-3.9.6.jar
2024-05-12 13:14:30,805 [Worker-98: Launching Spring-Security-InMemoryDB (1)] INFO  o.eclipse.m2e.core.internal.Bundles - 	Entry: C:\Users\HP\.p2\pool\plugins\org.eclipse.m2e.maven.runtime_3.9.600.20231203-1234\jars\maven-model-3.9.6.jar
2024-05-12 13:14:30,805 [Worker-98: Launching Spring-Security-InMemoryDB (1)] INFO  o.eclipse.m2e.core.internal.Bundles - 	Entry: C:\Users\HP\.p2\pool\plugins\org.eclipse.m2e.maven.runtime_3.9.600.20231203-1234\jars\maven-model-builder-3.9.6.jar
2024-05-12 13:14:30,805 [Worker-98: Launching Spring-Security-InMemoryDB (1)] INFO  o.eclipse.m2e.core.internal.Bundles - 	Entry: C:\Users\HP\.p2\pool\plugins\org.eclipse.m2e.maven.runtime_3.9.600.20231203-1234\jars\maven-plugin-api-3.9.6.jar
2024-05-12 13:14:30,805 [Worker-98: Launching Spring-Security-InMemoryDB (1)] INFO  o.eclipse.m2e.core.internal.Bundles - 	Entry: C:\Users\HP\.p2\pool\plugins\org.eclipse.m2e.maven.runtime_3.9.600.20231203-1234\jars\maven-repository-metadata-3.9.6.jar
2024-05-12 13:14:30,806 [Worker-98: Launching Spring-Security-InMemoryDB (1)] INFO  o.eclipse.m2e.core.internal.Bundles - 	Entry: C:\Users\HP\.p2\pool\plugins\org.eclipse.m2e.maven.runtime_3.9.600.20231203-1234\jars\maven-resolver-api-1.9.18.jar
2024-05-12 13:14:30,806 [Worker-98: Launching Spring-Security-InMemoryDB (1)] INFO  o.eclipse.m2e.core.internal.Bundles - 	Entry: C:\Users\HP\.p2\pool\plugins\org.eclipse.m2e.maven.runtime_3.9.600.20231203-1234\jars\maven-resolver-connector-basic-1.9.18.jar
2024-05-12 13:14:30,806 [Worker-98: Launching Spring-Security-InMemoryDB (1)] INFO  o.eclipse.m2e.core.internal.Bundles - 	Entry: C:\Users\HP\.p2\pool\plugins\org.eclipse.m2e.maven.runtime_3.9.600.20231203-1234\jars\maven-resolver-impl-1.9.18.jar
2024-05-12 13:14:30,807 [Worker-98: Launching Spring-Security-InMemoryDB (1)] INFO  o.eclipse.m2e.core.internal.Bundles - 	Entry: C:\Users\HP\.p2\pool\plugins\org.eclipse.m2e.maven.runtime_3.9.600.20231203-1234\jars\maven-resolver-named-locks-1.9.18.jar
2024-05-12 13:14:30,807 [Worker-98: Launching Spring-Security-InMemoryDB (1)] INFO  o.eclipse.m2e.core.internal.Bundles - 	Entry: C:\Users\HP\.p2\pool\plugins\org.eclipse.m2e.maven.runtime_3.9.600.20231203-1234\jars\maven-resolver-provider-3.9.6.jar
2024-05-12 13:14:30,807 [Worker-98: Launching Spring-Security-InMemoryDB (1)] INFO  o.eclipse.m2e.core.internal.Bundles - 	Entry: C:\Users\HP\.p2\pool\plugins\org.eclipse.m2e.maven.runtime_3.9.600.20231203-1234\jars\maven-resolver-spi-1.9.18.jar
2024-05-12 13:14:30,808 [Worker-98: Launching Spring-Security-InMemoryDB (1)] INFO  o.eclipse.m2e.core.internal.Bundles - 	Entry: C:\Users\HP\.p2\pool\plugins\org.eclipse.m2e.maven.runtime_3.9.600.20231203-1234\jars\maven-resolver-transport-file-1.9.18.jar
2024-05-12 13:14:30,809 [Worker-98: Launching Spring-Security-InMemoryDB (1)] INFO  o.eclipse.m2e.core.internal.Bundles - 	Entry: C:\Users\HP\.p2\pool\plugins\org.eclipse.m2e.maven.runtime_3.9.600.20231203-1234\jars\maven-resolver-transport-http-1.9.18.jar
2024-05-12 13:14:30,809 [Worker-98: Launching Spring-Security-InMemoryDB (1)] INFO  o.eclipse.m2e.core.internal.Bundles - 	Entry: C:\Users\HP\.p2\pool\plugins\org.eclipse.m2e.maven.runtime_3.9.600.20231203-1234\jars\maven-resolver-transport-wagon-1.9.18.jar
2024-05-12 13:14:30,809 [Worker-98: Launching Spring-Security-InMemoryDB (1)] INFO  o.eclipse.m2e.core.internal.Bundles - 	Entry: C:\Users\HP\.p2\pool\plugins\org.eclipse.m2e.maven.runtime_3.9.600.20231203-1234\jars\maven-resolver-util-1.9.18.jar
2024-05-12 13:14:30,810 [Worker-98: Launching Spring-Security-InMemoryDB (1)] INFO  o.eclipse.m2e.core.internal.Bundles - 	Entry: C:\Users\HP\.p2\pool\plugins\org.eclipse.m2e.maven.runtime_3.9.600.20231203-1234\jars\maven-settings-3.9.6.jar
2024-05-12 13:14:30,811 [Worker-98: Launching Spring-Security-InMemoryDB (1)] INFO  o.eclipse.m2e.core.internal.Bundles - 	Entry: C:\Users\HP\.p2\pool\plugins\org.eclipse.m2e.maven.runtime_3.9.600.20231203-1234\jars\maven-settings-builder-3.9.6.jar
2024-05-12 13:14:30,812 [Worker-98: Launching Spring-Security-InMemoryDB (1)] INFO  o.eclipse.m2e.core.internal.Bundles - 	Entry: C:\Users\HP\.p2\pool\plugins\org.eclipse.m2e.maven.runtime_3.9.600.20231203-1234\jars\maven-shared-utils-3.3.4.jar
2024-05-12 13:14:30,815 [Worker-98: Launching Spring-Security-InMemoryDB (1)] INFO  o.eclipse.m2e.core.internal.Bundles - 	Entry: C:\Users\HP\.p2\pool\plugins\org.eclipse.m2e.maven.runtime_3.9.600.20231203-1234\jars\org.eclipse.sisu.inject-0.9.0.M2.jar
2024-05-12 13:14:30,816 [Worker-98: Launching Spring-Security-InMemoryDB (1)] INFO  o.eclipse.m2e.core.internal.Bundles - 	Entry: C:\Users\HP\.p2\pool\plugins\org.eclipse.m2e.maven.runtime_3.9.600.20231203-1234\jars\org.eclipse.sisu.plexus-0.9.0.M2.jar
2024-05-12 13:14:30,816 [Worker-98: Launching Spring-Security-InMemoryDB (1)] INFO  o.eclipse.m2e.core.internal.Bundles - 	Entry: C:\Users\HP\.p2\pool\plugins\org.eclipse.m2e.maven.runtime_3.9.600.20231203-1234\jars\plexus-build-api-0.0.7.jar
2024-05-12 13:14:30,817 [Worker-98: Launching Spring-Security-InMemoryDB (1)] INFO  o.eclipse.m2e.core.internal.Bundles - 	Entry: C:\Users\HP\.p2\pool\plugins\org.eclipse.m2e.maven.runtime_3.9.600.20231203-1234\jars\plexus-cipher-2.0.jar
2024-05-12 13:14:30,817 [Worker-98: Launching Spring-Security-InMemoryDB (1)] INFO  o.eclipse.m2e.core.internal.Bundles - 	Entry: C:\Users\HP\.p2\pool\plugins\org.eclipse.m2e.maven.runtime_3.9.600.20231203-1234\jars\plexus-classworlds-2.7.0.jar
2024-05-12 13:14:30,817 [Worker-98: Launching Spring-Security-InMemoryDB (1)] INFO  o.eclipse.m2e.core.internal.Bundles - 	Entry: C:\Users\HP\.p2\pool\plugins\org.eclipse.m2e.maven.runtime_3.9.600.20231203-1234\jars\plexus-component-annotations-2.1.0.jar
2024-05-12 13:14:30,818 [Worker-98: Launching Spring-Security-InMemoryDB (1)] INFO  o.eclipse.m2e.core.internal.Bundles - 	Entry: C:\Users\HP\.p2\pool\plugins\org.eclipse.m2e.maven.runtime_3.9.600.20231203-1234\jars\plexus-interpolation-1.26.jar
2024-05-12 13:14:30,818 [Worker-98: Launching Spring-Security-InMemoryDB (1)] INFO  o.eclipse.m2e.core.internal.Bundles - 	Entry: C:\Users\HP\.p2\pool\plugins\org.eclipse.m2e.maven.runtime_3.9.600.20231203-1234\jars\plexus-sec-dispatcher-2.0.jar
2024-05-12 13:14:30,818 [Worker-98: Launching Spring-Security-InMemoryDB (1)] INFO  o.eclipse.m2e.core.internal.Bundles - 	Entry: C:\Users\HP\.p2\pool\plugins\org.eclipse.m2e.maven.runtime_3.9.600.20231203-1234\jars\plexus-utils-3.5.1.jar
2024-05-12 13:14:30,819 [Worker-98: Launching Spring-Security-InMemoryDB (1)] INFO  o.eclipse.m2e.core.internal.Bundles - 	Entry: C:\Users\HP\.p2\pool\plugins\org.eclipse.m2e.maven.runtime_3.9.600.20231203-1234\jars\wagon-file-3.5.3.jar
2024-05-12 13:14:30,819 [Worker-98: Launching Spring-Security-InMemoryDB (1)] INFO  o.eclipse.m2e.core.internal.Bundles - 	Entry: C:\Users\HP\.p2\pool\plugins\org.eclipse.m2e.maven.runtime_3.9.600.20231203-1234\jars\wagon-http-3.5.3.jar
2024-05-12 13:14:30,820 [Worker-98: Launching Spring-Security-InMemoryDB (1)] INFO  o.eclipse.m2e.core.internal.Bundles - 	Entry: C:\Users\HP\.p2\pool\plugins\org.eclipse.m2e.maven.runtime_3.9.600.20231203-1234\jars\wagon-http-shared-3.5.3.jar
2024-05-12 13:14:30,821 [Worker-98: Launching Spring-Security-InMemoryDB (1)] INFO  o.eclipse.m2e.core.internal.Bundles - 	Entry: C:\Users\HP\.p2\pool\plugins\org.eclipse.m2e.maven.runtime_3.9.600.20231203-1234\jars\wagon-provider-api-3.5.3.jar
2024-05-12 13:14:30,823 [Worker-98: Launching Spring-Security-InMemoryDB (1)] INFO  o.eclipse.m2e.core.internal.Bundles - getClasspathEntries(Bundle=com.google.guava_33.0.0.jre [14])
2024-05-12 13:14:30,824 [Worker-98: Launching Spring-Security-InMemoryDB (1)] INFO  o.eclipse.m2e.core.internal.Bundles - 	Entry: C:\Users\HP\.p2\pool\plugins\com.google.guava_33.0.0.jre.jar
2024-05-12 13:14:30,825 [Worker-98: Launching Spring-Security-InMemoryDB (1)] INFO  o.eclipse.m2e.core.internal.Bundles - getClasspathEntries(Bundle=slf4j.api_2.0.12 [1000])
2024-05-12 13:14:30,827 [Worker-98: Launching Spring-Security-InMemoryDB (1)] INFO  o.eclipse.m2e.core.internal.Bundles - 	Entry: C:\Users\HP\.p2\pool\plugins\slf4j.api_2.0.12.jar
2024-05-12 13:14:30,829 [Worker-98: Launching Spring-Security-InMemoryDB (1)] INFO  o.eclipse.m2e.core.internal.Bundles - getClasspathEntries(Bundle=jakarta.inject.jakarta.inject-api_1.0.5 [32])
2024-05-12 13:14:30,831 [Worker-98: Launching Spring-Security-InMemoryDB (1)] INFO  o.eclipse.m2e.core.internal.Bundles - 	Entry: C:\Users\HP\.p2\pool\plugins\jakarta.inject.jakarta.inject-api_1.0.5.jar
2024-05-12 13:14:30,831 [Worker-98: Launching Spring-Security-InMemoryDB (1)] INFO  o.eclipse.m2e.core.internal.Bundles - getClasspathEntries(Bundle=jakarta.annotation-api_1.3.5 [27])
2024-05-12 13:14:30,834 [Worker-98: Launching Spring-Security-InMemoryDB (1)] INFO  o.eclipse.m2e.core.internal.Bundles - 	Entry: C:\Users\HP\.p2\pool\plugins\jakarta.annotation-api_1.3.5.jar
2024-05-12 13:14:30,835 [Worker-98: Launching Spring-Security-InMemoryDB (1)] INFO  o.eclipse.m2e.core.internal.Bundles - getClasspathEntries(Bundle=org.apache.commons.cli_1.6.0 [75])
2024-05-12 13:14:30,837 [Worker-98: Launching Spring-Security-InMemoryDB (1)] INFO  o.eclipse.m2e.core.internal.Bundles - 	Entry: C:\Users\HP\.p2\pool\plugins\org.apache.commons.cli_1.6.0.jar
2024-05-12 13:14:30,837 [Worker-98: Launching Spring-Security-InMemoryDB (1)] INFO  o.eclipse.m2e.core.internal.Bundles - getClasspathEntries(Bundle=org.apache.commons.commons-codec_1.16.0 [78])
2024-05-12 13:14:30,839 [Worker-98: Launching Spring-Security-InMemoryDB (1)] INFO  o.eclipse.m2e.core.internal.Bundles - 	Entry: C:\Users\HP\.p2\pool\plugins\org.apache.commons.commons-codec_1.16.0.jar
2024-05-12 13:14:30,839 [Worker-98: Launching Spring-Security-InMemoryDB (1)] INFO  o.eclipse.m2e.core.internal.Bundles - getClasspathEntries(Bundle=org.apache.commons.lang3_3.14.0 [86])
2024-05-12 13:14:30,840 [Worker-98: Launching Spring-Security-InMemoryDB (1)] INFO  o.eclipse.m2e.core.internal.Bundles - 	Entry: C:\Users\HP\.p2\pool\plugins\org.apache.commons.lang3_3.14.0.jar
2024-05-12 13:14:30,841 [Worker-98: Launching Spring-Security-InMemoryDB (1)] INFO  o.eclipse.m2e.core.internal.Bundles - getClasspathEntries(Bundle=com.google.guava.failureaccess_1.0.2 [15])
2024-05-12 13:14:30,842 [Worker-98: Launching Spring-Security-InMemoryDB (1)] INFO  o.eclipse.m2e.core.internal.Bundles - 	Entry: C:\Users\HP\.p2\pool\plugins\com.google.guava.failureaccess_1.0.2.jar
2024-05-12 13:14:30,899 [Worker-98: Launching Spring-Security-InMemoryDB (1)] INFO  o.e.m.i.launch.MavenLaunchDelegate - Run build in "E:\AIB-Project\AIBMVCProject\Spring-Security-InMemoryDB":
2024-05-12 13:14:30,900 [Worker-98: Launching Spring-Security-InMemoryDB (1)] INFO  o.e.m.i.launch.MavenLaunchDelegate -  mvn  -B -Dstyle.color=always clean install
2024-05-12 22:40:05,392 [Worker-13: Loading available Gradle versions] INFO  o.e.b.c.i.u.g.PublishedGradleVersions - Gradle version information cache is up-to-date. Trying to read.
2024-05-12 23:17:01,438 [Worker-25: Remove Repositories] WARN  org.eclipse.jgit.lib.Repository - close() called when useCnt is already zero for Repository[E:\AIB-Project\AIB-PROJECT-Backend\.git]
2024-05-12 23:18:04,860 [Worker-27: Cloning from https://github.com/adikratex7/AIBMvcProject.git] WARN  org.eclipse.jgit.lib.Repository - close() called when useCnt is already zero for Repository[E:\AIB-Project\AIBMVCProject\.git]
